<?xml version="1.0" encoding="UTF-8"?>
<testsuites name="STC-04 See list of course" time="11" tests="2" failures="1" errors="0">
   <testsuite name="STC-04 See list of course" tests="2" failures="1" errors="0" time="11" timestamp="2561-03-28 22:43:35" hostname="Max - DESKTOP-Q39DD9V" id="Test Suites/STC-04 See list of course">
      <properties>
         <property name="deviceName" value=""/>
         <property name="devicePlatform" value=""/>
         <property name="logFolder" value="C:\\Users\\Max\\git\\katalonRegTest\\Reports\\STC-04 See list of course\\25610328_224334"/>
         <property name="logFiles" value="C:\\Users\\Max\\git\\katalonRegTest\\Reports\\STC-04 See list of course\\25610328_224334\\execution0.log"/>
         <property name="attachments" value="C:\\Users\\Max\\git\\katalonRegTest\\Reports\\STC-04 See list of course\\25610328_224334\\1522251819087.png"/>
         <property name="hostName" value="Max - DESKTOP-Q39DD9V"/>
         <property name="os" value="Windows 10 64bit"/>
         <property name="katalonVersion" value="5.3.0.1"/>
         <property name="browser" value="Chrome 65.0.3325.181"/>
         <property name="hostAddress" value="192.168.0.100"/>
         <property name="sessionId" value="eb0216ea928979ea3592e413daa91918"/>
         <property name="seleniumVersion" value="3.7.1"/>
         <property name="proxyInformation" value="ProxyInformation{proxyOption=NO_PROXY, proxyServerType=HTTP, password=, proxyServerAddress=, proxyServerPort=0}"/>
         <property name="platform" value="Windows 10"/>
      </properties>
      <testcase name="Test Cases/See_list_of_course_Admin" classname="Test Cases/See_list_of_course_Admin" status="FAILED">
         <failure type="FAILED" message="Unable to click on object 'Object Repository/See list of course/Page_Courses list (2)/td_001' (Root cause: org.openqa.selenium.ElementNotVisibleException: element not visible
  (Session info: chrome=65.0.3325.181)
  (Driver info: chromedriver=2.35.528161 (5b82f2d2aae0ca24b877009200ced9065a772e73),platform=Windows NT 10.0.16299 x86_64) (WARNING: The server did not provide any stacktrace information)
Command duration or timeout: 0 milliseconds
Build info: version: '3.7.1', revision: '8a0099a', time: '2017-11-06T21:07:36.161Z'
System info: host: 'DESKTOP-Q39DD9V', ip: '192.168.0.100', os.name: 'Windows 10', os.arch: 'amd64', os.version: '10.0', java.version: '1.8.0_102'
Driver info: com.kms.katalon.selenium.driver.CChromeDriver
Capabilities {acceptInsecureCerts: false, acceptSslCerts: false, applicationCacheEnabled: false, browserConnectionEnabled: false, browserName: chrome, chrome: {chromedriverVersion: 2.35.528161 (5b82f2d2aae0ca..., userDataDir: C:\Users\Max\AppData\Local\...}, cssSelectorsEnabled: true, databaseEnabled: false, handlesAlerts: true, hasTouchScreen: false, javascriptEnabled: true, locationContextEnabled: true, mobileEmulationEnabled: false, nativeEvents: true, networkConnectionEnabled: false, pageLoadStrategy: normal, platform: XP, platformName: XP, rotatable: false, setWindowRect: true, takesHeapSnapshot: true, takesScreenshot: true, unexpectedAlertBehaviour: , unhandledPromptBehavior: , version: 65.0.3325.181, webStorageEnabled: true}
Session ID: f2ffb900a780dc552f3f7f7460af0df7)"/>
         <system-out><![CDATA[2561-03-28 22:43:35 - [TEST_CASE][FAILED] - Test Cases/See_list_of_course_Admin: Test Cases/See_list_of_course_Admin FAILED because (of) Unable to click on object 'Object Repository/See list of course/Page_Courses list (2)/td_001' (Root cause: org.openqa.selenium.ElementNotVisibleException: element not visible
  (Session info: chrome=65.0.3325.181)
  (Driver info: chromedriver=2.35.528161 (5b82f2d2aae0ca24b877009200ced9065a772e73),platform=Windows NT 10.0.16299 x86_64) (WARNING: The server did not provide any stacktrace information)
Command duration or timeout: 0 milliseconds
Build info: version: '3.7.1', revision: '8a0099a', time: '2017-11-06T21:07:36.161Z'
System info: host: 'DESKTOP-Q39DD9V', ip: '192.168.0.100', os.name: 'Windows 10', os.arch: 'amd64', os.version: '10.0', java.version: '1.8.0_102'
Driver info: com.kms.katalon.selenium.driver.CChromeDriver
Capabilities {acceptInsecureCerts: false, acceptSslCerts: false, applicationCacheEnabled: false, browserConnectionEnabled: false, browserName: chrome, chrome: {chromedriverVersion: 2.35.528161 (5b82f2d2aae0ca..., userDataDir: C:\Users\Max\AppData\Local\...}, cssSelectorsEnabled: true, databaseEnabled: false, handlesAlerts: true, hasTouchScreen: false, javascriptEnabled: true, locationContextEnabled: true, mobileEmulationEnabled: false, nativeEvents: true, networkConnectionEnabled: false, pageLoadStrategy: normal, platform: XP, platformName: XP, rotatable: false, setWindowRect: true, takesHeapSnapshot: true, takesScreenshot: true, unexpectedAlertBehaviour: , unhandledPromptBehavior: , version: 65.0.3325.181, webStorageEnabled: true}
Session ID: f2ffb900a780dc552f3f7f7460af0df7)

2561-03-28 22:43:35 - [TEST_STEP][PASSED] - openBrowser: Browser is opened with url: ''

2561-03-28 22:43:38 - [MESSAGE][PASSED] - Browser is opened with url: ''

2561-03-28 22:43:38 - [TEST_STEP][PASSED] - navigateToUrl: Navigate to 'https://butterfried.github.io/SE323-proj01-registration/courses.html' successfully

2561-03-28 22:43:38 - [MESSAGE][PASSED] - Navigate to 'https://butterfried.github.io/SE323-proj01-registration/courses.html' successfully

2561-03-28 22:43:38 - [TEST_STEP][PASSED] - click: Object: 'Object Repository/See list of course/Page_Courses list (2)/a_012200 - MIND VOLUNTEER (3 S' is clicked on

2561-03-28 22:43:39 - [MESSAGE][PASSED] - Object: 'Object Repository/See list of course/Page_Courses list (2)/a_012200 - MIND VOLUNTEER (3 S' is clicked on

2561-03-28 22:43:39 - [TEST_STEP][FAILED] - click: Unable to click on object 'Object Repository/See list of course/Page_Courses list (2)/td_001' (Root cause: org.openqa.selenium.ElementNotVisibleException: element not visible
  (Session info: chrome=65.0.3325.181)
  (Driver info: chromedriver=2.35.528161 (5b82f2d2aae0ca24b877009200ced9065a772e73),platform=Windows NT 10.0.16299 x86_64) (WARNING: The server did not provide any stacktrace information)
Command duration or timeout: 0 milliseconds
Build info: version: '3.7.1', revision: '8a0099a', time: '2017-11-06T21:07:36.161Z'
System info: host: 'DESKTOP-Q39DD9V', ip: '192.168.0.100', os.name: 'Windows 10', os.arch: 'amd64', os.version: '10.0', java.version: '1.8.0_102'
Driver info: com.kms.katalon.selenium.driver.CChromeDriver
Capabilities {acceptInsecureCerts: false, acceptSslCerts: false, applicationCacheEnabled: false, browserConnectionEnabled: false, browserName: chrome, chrome: {chromedriverVersion: 2.35.528161 (5b82f2d2aae0ca..., userDataDir: C:\Users\Max\AppData\Local\...}, cssSelectorsEnabled: true, databaseEnabled: false, handlesAlerts: true, hasTouchScreen: false, javascriptEnabled: true, locationContextEnabled: true, mobileEmulationEnabled: false, nativeEvents: true, networkConnectionEnabled: false, pageLoadStrategy: normal, platform: XP, platformName: XP, rotatable: false, setWindowRect: true, takesHeapSnapshot: true, takesScreenshot: true, unexpectedAlertBehaviour: , unhandledPromptBehavior: , version: 65.0.3325.181, webStorageEnabled: true}
Session ID: f2ffb900a780dc552f3f7f7460af0df7)

2561-03-28 22:43:39 - [MESSAGE][FAILED] - Unable to click on object 'Object Repository/See list of course/Page_Courses list (2)/td_001' (Root cause: org.openqa.selenium.ElementNotVisibleException: element not visible
  (Session info: chrome=65.0.3325.181)
  (Driver info: chromedriver=2.35.528161 (5b82f2d2aae0ca24b877009200ced9065a772e73),platform=Windows NT 10.0.16299 x86_64) (WARNING: The server did not provide any stacktrace information)
Command duration or timeout: 0 milliseconds
Build info: version: '3.7.1', revision: '8a0099a', time: '2017-11-06T21:07:36.161Z'
System info: host: 'DESKTOP-Q39DD9V', ip: '192.168.0.100', os.name: 'Windows 10', os.arch: 'amd64', os.version: '10.0', java.version: '1.8.0_102'
Driver info: com.kms.katalon.selenium.driver.CChromeDriver
Capabilities {acceptInsecureCerts: false, acceptSslCerts: false, applicationCacheEnabled: false, browserConnectionEnabled: false, browserName: chrome, chrome: {chromedriverVersion: 2.35.528161 (5b82f2d2aae0ca..., userDataDir: C:\Users\Max\AppData\Local\...}, cssSelectorsEnabled: true, databaseEnabled: false, handlesAlerts: true, hasTouchScreen: false, javascriptEnabled: true, locationContextEnabled: true, mobileEmulationEnabled: false, nativeEvents: true, networkConnectionEnabled: false, pageLoadStrategy: normal, platform: XP, platformName: XP, rotatable: false, setWindowRect: true, takesHeapSnapshot: true, takesScreenshot: true, unexpectedAlertBehaviour: , unhandledPromptBehavior: , version: 65.0.3325.181, webStorageEnabled: true}
Session ID: f2ffb900a780dc552f3f7f7460af0df7)
[[ATTACHMENT|C:\\Users\\Max\\git\\katalonRegTest\\Reports\\STC-04 See list of course\\25610328_224334\\1522251819087.png]]]]></system-out>
         <system-err><![CDATA[2561-03-28 22:43:35 - [TEST_CASE][FAILED] - Test Cases/See_list_of_course_Admin: Test Cases/See_list_of_course_Admin FAILED because (of) Unable to click on object 'Object Repository/See list of course/Page_Courses list (2)/td_001' (Root cause: org.openqa.selenium.ElementNotVisibleException: element not visible
  (Session info: chrome=65.0.3325.181)
  (Driver info: chromedriver=2.35.528161 (5b82f2d2aae0ca24b877009200ced9065a772e73),platform=Windows NT 10.0.16299 x86_64) (WARNING: The server did not provide any stacktrace information)
Command duration or timeout: 0 milliseconds
Build info: version: '3.7.1', revision: '8a0099a', time: '2017-11-06T21:07:36.161Z'
System info: host: 'DESKTOP-Q39DD9V', ip: '192.168.0.100', os.name: 'Windows 10', os.arch: 'amd64', os.version: '10.0', java.version: '1.8.0_102'
Driver info: com.kms.katalon.selenium.driver.CChromeDriver
Capabilities {acceptInsecureCerts: false, acceptSslCerts: false, applicationCacheEnabled: false, browserConnectionEnabled: false, browserName: chrome, chrome: {chromedriverVersion: 2.35.528161 (5b82f2d2aae0ca..., userDataDir: C:\Users\Max\AppData\Local\...}, cssSelectorsEnabled: true, databaseEnabled: false, handlesAlerts: true, hasTouchScreen: false, javascriptEnabled: true, locationContextEnabled: true, mobileEmulationEnabled: false, nativeEvents: true, networkConnectionEnabled: false, pageLoadStrategy: normal, platform: XP, platformName: XP, rotatable: false, setWindowRect: true, takesHeapSnapshot: true, takesScreenshot: true, unexpectedAlertBehaviour: , unhandledPromptBehavior: , version: 65.0.3325.181, webStorageEnabled: true}
Session ID: f2ffb900a780dc552f3f7f7460af0df7)]]></system-err>
      </testcase>
      <testcase name="Test Cases/See_list_of_course_Student" classname="Test Cases/See_list_of_course_Student" status="PASSED">
         <system-out><![CDATA[2561-03-28 22:43:39 - [TEST_CASE][PASSED] - Test Cases/See_list_of_course_Student: Test Cases/See_list_of_course_Student

2561-03-28 22:43:39 - [TEST_STEP][PASSED] - openBrowser: Browser is opened with url: ''

2561-03-28 22:43:39 - [MESSAGE][WARNING] - A browser is already opened. Closing browser and opening a new one

2561-03-28 22:43:41 - [MESSAGE][PASSED] - Browser is opened with url: ''

2561-03-28 22:43:41 - [TEST_STEP][PASSED] - navigateToUrl: Navigate to 'https://butterfried.github.io/SE323-proj01-registration/courses_s.html' successfully

2561-03-28 22:43:42 - [MESSAGE][PASSED] - Navigate to 'https://butterfried.github.io/SE323-proj01-registration/courses_s.html' successfully

2561-03-28 22:43:42 - [TEST_STEP][PASSED] - click: Object: 'Object Repository/See list of course/Page_Courses list/a_012200 - MIND VOLUNTEER (3 S' is clicked on

2561-03-28 22:43:42 - [MESSAGE][PASSED] - Object: 'Object Repository/See list of course/Page_Courses list/a_012200 - MIND VOLUNTEER (3 S' is clicked on

2561-03-28 22:43:42 - [TEST_STEP][PASSED] - click: Object: 'Object Repository/See list of course/Page_Courses list/td_001' is clicked on

2561-03-28 22:43:42 - [MESSAGE][PASSED] - Object: 'Object Repository/See list of course/Page_Courses list/td_001' is clicked on

2561-03-28 22:43:42 - [TEST_STEP][PASSED] - verifyElementPresent: Object 'Object Repository/See list of course/Page_Courses list/td_001' is present

2561-03-28 22:43:42 - [MESSAGE][WARNING] - Timeout '0' is invalid. Using default page load timeout: '30'

2561-03-28 22:43:42 - [MESSAGE][PASSED] - Object 'Object Repository/See list of course/Page_Courses list/td_001' is present

2561-03-28 22:43:42 - [TEST_STEP][PASSED] - click: Object: 'Object Repository/See list of course/Page_Courses list/td_Rapee Sangsakorn' is clicked on

2561-03-28 22:43:42 - [MESSAGE][PASSED] - Object: 'Object Repository/See list of course/Page_Courses list/td_Rapee Sangsakorn' is clicked on

2561-03-28 22:43:42 - [TEST_STEP][PASSED] - verifyElementPresent: Object 'Object Repository/See list of course/Page_Courses list/td_Rapee Sangsakorn' is present

2561-03-28 22:43:42 - [MESSAGE][WARNING] - Timeout '0' is invalid. Using default page load timeout: '30'

2561-03-28 22:43:42 - [MESSAGE][PASSED] - Object 'Object Repository/See list of course/Page_Courses list/td_Rapee Sangsakorn' is present

2561-03-28 22:43:42 - [TEST_STEP][PASSED] - click: Object: 'Object Repository/See list of course/Page_Courses list/td_3' is clicked on

2561-03-28 22:43:42 - [MESSAGE][PASSED] - Object: 'Object Repository/See list of course/Page_Courses list/td_3' is clicked on

2561-03-28 22:43:42 - [TEST_STEP][PASSED] - verifyElementPresent: Object 'Object Repository/See list of course/Page_Courses list/td_3' is present

2561-03-28 22:43:42 - [MESSAGE][WARNING] - Timeout '0' is invalid. Using default page load timeout: '30'

2561-03-28 22:43:42 - [MESSAGE][PASSED] - Object 'Object Repository/See list of course/Page_Courses list/td_3' is present

2561-03-28 22:43:42 - [TEST_STEP][PASSED] - click: Object: 'Object Repository/See list of course/Page_Courses list/td_0' is clicked on

2561-03-28 22:43:42 - [MESSAGE][PASSED] - Object: 'Object Repository/See list of course/Page_Courses list/td_0' is clicked on

2561-03-28 22:43:42 - [TEST_STEP][PASSED] - verifyElementPresent: Object 'Object Repository/See list of course/Page_Courses list/td_0' is present

2561-03-28 22:43:42 - [MESSAGE][WARNING] - Timeout '0' is invalid. Using default page load timeout: '30'

2561-03-28 22:43:42 - [MESSAGE][PASSED] - Object 'Object Repository/See list of course/Page_Courses list/td_0' is present

2561-03-28 22:43:42 - [TEST_STEP][PASSED] - click: Object: 'Object Repository/See list of course/Page_Courses list/td_TuF' is clicked on

2561-03-28 22:43:42 - [MESSAGE][PASSED] - Object: 'Object Repository/See list of course/Page_Courses list/td_TuF' is clicked on

2561-03-28 22:43:42 - [TEST_STEP][PASSED] - verifyElementPresent: Object 'Object Repository/See list of course/Page_Courses list/td_TuF' is present

2561-03-28 22:43:42 - [MESSAGE][WARNING] - Timeout '0' is invalid. Using default page load timeout: '30'

2561-03-28 22:43:42 - [MESSAGE][PASSED] - Object 'Object Repository/See list of course/Page_Courses list/td_TuF' is present

2561-03-28 22:43:42 - [TEST_STEP][PASSED] - click: Object: 'Object Repository/See list of course/Page_Courses list/td_12.30-15.30' is clicked on

2561-03-28 22:43:42 - [MESSAGE][PASSED] - Object: 'Object Repository/See list of course/Page_Courses list/td_12.30-15.30' is clicked on

2561-03-28 22:43:42 - [TEST_STEP][PASSED] - verifyElementPresent: Object 'Object Repository/See list of course/Page_Courses list/td_12.30-15.30' is present

2561-03-28 22:43:42 - [MESSAGE][WARNING] - Timeout '0' is invalid. Using default page load timeout: '30'

2561-03-28 22:43:42 - [MESSAGE][PASSED] - Object 'Object Repository/See list of course/Page_Courses list/td_12.30-15.30' is present

2561-03-28 22:43:42 - [TEST_STEP][PASSED] - click: Object: 'Object Repository/See list of course/Page_Courses list/td_AKB4801' is clicked on

2561-03-28 22:43:42 - [MESSAGE][PASSED] - Object: 'Object Repository/See list of course/Page_Courses list/td_AKB4801' is clicked on

2561-03-28 22:43:42 - [TEST_STEP][PASSED] - verifyElementPresent: Object 'Object Repository/See list of course/Page_Courses list/td_AKB4801' is present

2561-03-28 22:43:42 - [MESSAGE][WARNING] - Timeout '0' is invalid. Using default page load timeout: '30'

2561-03-28 22:43:42 - [MESSAGE][PASSED] - Object 'Object Repository/See list of course/Page_Courses list/td_AKB4801' is present

2561-03-28 22:43:42 - [TEST_STEP][PASSED] - click: Object: 'Object Repository/See list of course/Page_Courses list/td_35' is clicked on

2561-03-28 22:43:42 - [MESSAGE][PASSED] - Object: 'Object Repository/See list of course/Page_Courses list/td_35' is clicked on

2561-03-28 22:43:42 - [TEST_STEP][PASSED] - verifyElementPresent: Object 'Object Repository/See list of course/Page_Courses list/td_35' is present

2561-03-28 22:43:42 - [MESSAGE][WARNING] - Timeout '0' is invalid. Using default page load timeout: '30'

2561-03-28 22:43:42 - [MESSAGE][PASSED] - Object 'Object Repository/See list of course/Page_Courses list/td_35' is present

2561-03-28 22:43:42 - [TEST_STEP][PASSED] - click: Object: 'Object Repository/See list of course/Page_Courses list/td_35' is clicked on

2561-03-28 22:43:42 - [MESSAGE][PASSED] - Object: 'Object Repository/See list of course/Page_Courses list/td_35' is clicked on

2561-03-28 22:43:42 - [TEST_STEP][PASSED] - verifyElementPresent: Object 'Object Repository/See list of course/Page_Courses list/td_35' is present

2561-03-28 22:43:42 - [MESSAGE][WARNING] - Timeout '0' is invalid. Using default page load timeout: '30'

2561-03-28 22:43:42 - [MESSAGE][PASSED] - Object 'Object Repository/See list of course/Page_Courses list/td_35' is present

2561-03-28 22:43:42 - [TEST_STEP][PASSED] - click: Object: 'Object Repository/See list of course/Page_Courses list/td_Enroll' is clicked on

2561-03-28 22:43:42 - [MESSAGE][PASSED] - Object: 'Object Repository/See list of course/Page_Courses list/td_Enroll' is clicked on

2561-03-28 22:43:42 - [TEST_STEP][PASSED] - verifyElementPresent: Object 'Object Repository/See list of course/Page_Courses list/td_Enroll' is present

2561-03-28 22:43:42 - [MESSAGE][WARNING] - Timeout '0' is invalid. Using default page load timeout: '30'

2561-03-28 22:43:43 - [MESSAGE][PASSED] - Object 'Object Repository/See list of course/Page_Courses list/td_Enroll' is present

2561-03-28 22:43:43 - [TEST_STEP][PASSED] - closeBrowser: Browser is closed

2561-03-28 22:43:43 - [MESSAGE][PASSED] - Browser is closed]]></system-out>
         <system-err><![CDATA[]]></system-err>
      </testcase>
      <testcase name="Test Cases/See_list_of_course_Teacher" classname="Test Cases/See_list_of_course_Teacher" status="PASSED">
         <system-out><![CDATA[2561-03-28 22:43:43 - [TEST_CASE][PASSED] - Test Cases/See_list_of_course_Teacher: Test Cases/See_list_of_course_Teacher

2561-03-28 22:43:43 - [TEST_STEP][PASSED] - openBrowser: Browser is opened with url: ''

2561-03-28 22:43:45 - [MESSAGE][PASSED] - Browser is opened with url: ''

2561-03-28 22:43:45 - [TEST_STEP][PASSED] - navigateToUrl: Navigate to 'https://butterfried.github.io/SE323-proj01-registration/courses.html' successfully

2561-03-28 22:43:45 - [MESSAGE][PASSED] - Navigate to 'https://butterfried.github.io/SE323-proj01-registration/courses.html' successfully

2561-03-28 22:43:45 - [TEST_STEP][PASSED] - click: Object: 'Object Repository/See list of course/Page_Courses list (1)/a_012200 - MIND VOLUNTEER (3 S' is clicked on

2561-03-28 22:43:46 - [MESSAGE][PASSED] - Object: 'Object Repository/See list of course/Page_Courses list (1)/a_012200 - MIND VOLUNTEER (3 S' is clicked on

2561-03-28 22:43:46 - [TEST_STEP][PASSED] - click: Object: 'Object Repository/See list of course/Page_Courses list (1)/td_001' is clicked on

2561-03-28 22:43:46 - [MESSAGE][PASSED] - Object: 'Object Repository/See list of course/Page_Courses list (1)/td_001' is clicked on

2561-03-28 22:43:46 - [TEST_STEP][PASSED] - verifyElementPresent: Object 'Object Repository/See list of course/Page_Courses list (1)/td_001' is present

2561-03-28 22:43:46 - [MESSAGE][WARNING] - Timeout '0' is invalid. Using default page load timeout: '30'

2561-03-28 22:43:46 - [MESSAGE][PASSED] - Object 'Object Repository/See list of course/Page_Courses list (1)/td_001' is present

2561-03-28 22:43:46 - [TEST_STEP][PASSED] - click: Object: 'Object Repository/See list of course/Page_Courses list (1)/td_Rapee Sangsakorn' is clicked on

2561-03-28 22:43:46 - [MESSAGE][PASSED] - Object: 'Object Repository/See list of course/Page_Courses list (1)/td_Rapee Sangsakorn' is clicked on

2561-03-28 22:43:46 - [TEST_STEP][PASSED] - verifyElementPresent: Object 'Object Repository/See list of course/Page_Courses list (1)/td_Rapee Sangsakorn' is present

2561-03-28 22:43:46 - [MESSAGE][WARNING] - Timeout '0' is invalid. Using default page load timeout: '30'

2561-03-28 22:43:46 - [MESSAGE][PASSED] - Object 'Object Repository/See list of course/Page_Courses list (1)/td_Rapee Sangsakorn' is present

2561-03-28 22:43:46 - [TEST_STEP][PASSED] - click: Object: 'Object Repository/See list of course/Page_Courses list (1)/td_3' is clicked on

2561-03-28 22:43:46 - [MESSAGE][PASSED] - Object: 'Object Repository/See list of course/Page_Courses list (1)/td_3' is clicked on

2561-03-28 22:43:46 - [TEST_STEP][PASSED] - verifyElementPresent: Object 'Object Repository/See list of course/Page_Courses list (1)/td_3' is present

2561-03-28 22:43:46 - [MESSAGE][WARNING] - Timeout '0' is invalid. Using default page load timeout: '30'

2561-03-28 22:43:46 - [MESSAGE][PASSED] - Object 'Object Repository/See list of course/Page_Courses list (1)/td_3' is present

2561-03-28 22:43:46 - [TEST_STEP][PASSED] - click: Object: 'Object Repository/See list of course/Page_Courses list (1)/td_0' is clicked on

2561-03-28 22:43:46 - [MESSAGE][PASSED] - Object: 'Object Repository/See list of course/Page_Courses list (1)/td_0' is clicked on

2561-03-28 22:43:46 - [TEST_STEP][PASSED] - verifyElementPresent: Object 'Object Repository/See list of course/Page_Courses list (1)/td_0' is present

2561-03-28 22:43:46 - [MESSAGE][WARNING] - Timeout '0' is invalid. Using default page load timeout: '30'

2561-03-28 22:43:46 - [MESSAGE][PASSED] - Object 'Object Repository/See list of course/Page_Courses list (1)/td_0' is present

2561-03-28 22:43:46 - [TEST_STEP][PASSED] - click: Object: 'Object Repository/See list of course/Page_Courses list (1)/td_TuF' is clicked on

2561-03-28 22:43:46 - [MESSAGE][PASSED] - Object: 'Object Repository/See list of course/Page_Courses list (1)/td_TuF' is clicked on

2561-03-28 22:43:46 - [TEST_STEP][PASSED] - verifyElementPresent: Object 'Object Repository/See list of course/Page_Courses list (1)/td_TuF' is present

2561-03-28 22:43:46 - [MESSAGE][WARNING] - Timeout '0' is invalid. Using default page load timeout: '30'

2561-03-28 22:43:46 - [MESSAGE][PASSED] - Object 'Object Repository/See list of course/Page_Courses list (1)/td_TuF' is present

2561-03-28 22:43:46 - [TEST_STEP][PASSED] - click: Object: 'Object Repository/See list of course/Page_Courses list (1)/td_12.30-15.30' is clicked on

2561-03-28 22:43:46 - [MESSAGE][PASSED] - Object: 'Object Repository/See list of course/Page_Courses list (1)/td_12.30-15.30' is clicked on

2561-03-28 22:43:46 - [TEST_STEP][PASSED] - verifyElementPresent: Object 'Object Repository/See list of course/Page_Courses list (1)/td_12.30-15.30' is present

2561-03-28 22:43:46 - [MESSAGE][WARNING] - Timeout '0' is invalid. Using default page load timeout: '30'

2561-03-28 22:43:46 - [MESSAGE][PASSED] - Object 'Object Repository/See list of course/Page_Courses list (1)/td_12.30-15.30' is present

2561-03-28 22:43:46 - [TEST_STEP][PASSED] - click: Object: 'Object Repository/See list of course/Page_Courses list (1)/td_AKB4801' is clicked on

2561-03-28 22:43:46 - [MESSAGE][PASSED] - Object: 'Object Repository/See list of course/Page_Courses list (1)/td_AKB4801' is clicked on

2561-03-28 22:43:46 - [TEST_STEP][PASSED] - verifyElementPresent: Object 'Object Repository/See list of course/Page_Courses list (1)/td_AKB4801' is present

2561-03-28 22:43:46 - [MESSAGE][WARNING] - Timeout '0' is invalid. Using default page load timeout: '30'

2561-03-28 22:43:46 - [MESSAGE][PASSED] - Object 'Object Repository/See list of course/Page_Courses list (1)/td_AKB4801' is present

2561-03-28 22:43:46 - [TEST_STEP][PASSED] - click: Object: 'Object Repository/See list of course/Page_Courses list (1)/td_35' is clicked on

2561-03-28 22:43:46 - [MESSAGE][PASSED] - Object: 'Object Repository/See list of course/Page_Courses list (1)/td_35' is clicked on

2561-03-28 22:43:46 - [TEST_STEP][PASSED] - verifyElementPresent: Object 'Object Repository/See list of course/Page_Courses list (1)/td_35' is present

2561-03-28 22:43:46 - [MESSAGE][WARNING] - Timeout '0' is invalid. Using default page load timeout: '30'

2561-03-28 22:43:46 - [MESSAGE][PASSED] - Object 'Object Repository/See list of course/Page_Courses list (1)/td_35' is present

2561-03-28 22:43:46 - [TEST_STEP][PASSED] - click: Object: 'Object Repository/See list of course/Page_Courses list (1)/td_35' is clicked on

2561-03-28 22:43:46 - [MESSAGE][PASSED] - Object: 'Object Repository/See list of course/Page_Courses list (1)/td_35' is clicked on

2561-03-28 22:43:46 - [TEST_STEP][PASSED] - verifyElementPresent: Object 'Object Repository/See list of course/Page_Courses list (1)/td_35' is present

2561-03-28 22:43:46 - [MESSAGE][WARNING] - Timeout '0' is invalid. Using default page load timeout: '30'

2561-03-28 22:43:46 - [MESSAGE][PASSED] - Object 'Object Repository/See list of course/Page_Courses list (1)/td_35' is present

2561-03-28 22:43:46 - [TEST_STEP][PASSED] - closeBrowser: Browser is closed

2561-03-28 22:43:47 - [MESSAGE][PASSED] - Browser is closed]]></system-out>
         <system-err><![CDATA[]]></system-err>
      </testcase>
      <system-out><![CDATA[2561-03-28 22:43:35 - [TEST_SUITE][FAILED] - STC-04 See list of course: Test Cases/See_list_of_course_Admin FAILED because (of) Unable to click on object 'Object Repository/See list of course/Page_Courses list (2)/td_001' (Root cause: org.openqa.selenium.ElementNotVisibleException: element not visible
  (Session info: chrome=65.0.3325.181)
  (Driver info: chromedriver=2.35.528161 (5b82f2d2aae0ca24b877009200ced9065a772e73),platform=Windows NT 10.0.16299 x86_64) (WARNING: The server did not provide any stacktrace information)
Command duration or timeout: 0 milliseconds
Build info: version: '3.7.1', revision: '8a0099a', time: '2017-11-06T21:07:36.161Z'
System info: host: 'DESKTOP-Q39DD9V', ip: '192.168.0.100', os.name: 'Windows 10', os.arch: 'amd64', os.version: '10.0', java.version: '1.8.0_102'
Driver info: com.kms.katalon.selenium.driver.CChromeDriver
Capabilities {acceptInsecureCerts: false, acceptSslCerts: false, applicationCacheEnabled: false, browserConnectionEnabled: false, browserName: chrome, chrome: {chromedriverVersion: 2.35.528161 (5b82f2d2aae0ca..., userDataDir: C:\Users\Max\AppData\Local\...}, cssSelectorsEnabled: true, databaseEnabled: false, handlesAlerts: true, hasTouchScreen: false, javascriptEnabled: true, locationContextEnabled: true, mobileEmulationEnabled: false, nativeEvents: true, networkConnectionEnabled: false, pageLoadStrategy: normal, platform: XP, platformName: XP, rotatable: false, setWindowRect: true, takesHeapSnapshot: true, takesScreenshot: true, unexpectedAlertBehaviour: , unhandledPromptBehavior: , version: 65.0.3325.181, webStorageEnabled: true}
Session ID: f2ffb900a780dc552f3f7f7460af0df7)]]></system-out>
      <system-err><![CDATA[2561-03-28 22:43:35 - [TEST_SUITE][FAILED] - STC-04 See list of course: Test Cases/See_list_of_course_Admin FAILED because (of) Unable to click on object 'Object Repository/See list of course/Page_Courses list (2)/td_001' (Root cause: org.openqa.selenium.ElementNotVisibleException: element not visible
  (Session info: chrome=65.0.3325.181)
  (Driver info: chromedriver=2.35.528161 (5b82f2d2aae0ca24b877009200ced9065a772e73),platform=Windows NT 10.0.16299 x86_64) (WARNING: The server did not provide any stacktrace information)
Command duration or timeout: 0 milliseconds
Build info: version: '3.7.1', revision: '8a0099a', time: '2017-11-06T21:07:36.161Z'
System info: host: 'DESKTOP-Q39DD9V', ip: '192.168.0.100', os.name: 'Windows 10', os.arch: 'amd64', os.version: '10.0', java.version: '1.8.0_102'
Driver info: com.kms.katalon.selenium.driver.CChromeDriver
Capabilities {acceptInsecureCerts: false, acceptSslCerts: false, applicationCacheEnabled: false, browserConnectionEnabled: false, browserName: chrome, chrome: {chromedriverVersion: 2.35.528161 (5b82f2d2aae0ca..., userDataDir: C:\Users\Max\AppData\Local\...}, cssSelectorsEnabled: true, databaseEnabled: false, handlesAlerts: true, hasTouchScreen: false, javascriptEnabled: true, locationContextEnabled: true, mobileEmulationEnabled: false, nativeEvents: true, networkConnectionEnabled: false, pageLoadStrategy: normal, platform: XP, platformName: XP, rotatable: false, setWindowRect: true, takesHeapSnapshot: true, takesScreenshot: true, unexpectedAlertBehaviour: , unhandledPromptBehavior: , version: 65.0.3325.181, webStorageEnabled: true}
Session ID: f2ffb900a780dc552f3f7f7460af0df7)]]></system-err>
   </testsuite>
</testsuites>
