<?xml version="1.0" encoding="UTF-8"?>
<testsuites name="STC-05 Enroll in a course" time="15" tests="2" failures="1" errors="0">
   <testsuite name="STC-05 Enroll in a course" tests="2" failures="1" errors="0" time="15" timestamp="2018-03-26 02:04:44" hostname="thawichok_nikhomkhet - DESKTOP-ETJ3RSS" id="Test Suites/STC-05 Enroll in a course">
      <properties>
         <property name="deviceName" value=""/>
         <property name="devicePlatform" value=""/>
         <property name="logFolder" value="C:\\Users\\thawichok_nikhomkhet\\git\\katalonRegTest\\Reports\\STC-05 Enroll in a course\\20180326_020443"/>
         <property name="logFiles" value="C:\\Users\\thawichok_nikhomkhet\\git\\katalonRegTest\\Reports\\STC-05 Enroll in a course\\20180326_020443\\execution0.log"/>
         <property name="attachments" value="C:\\Users\\thawichok_nikhomkhet\\git\\katalonRegTest\\Reports\\STC-05 Enroll in a course\\20180326_020443\\1522004689331.png"/>
         <property name="hostName" value="thawichok_nikhomkhet - DESKTOP-ETJ3RSS"/>
         <property name="os" value="Windows 10 64bit"/>
         <property name="katalonVersion" value="5.3.0.1"/>
         <property name="browser" value="Chrome 65.0.3325.181"/>
         <property name="hostAddress" value="192.168.0.100"/>
         <property name="sessionId" value="73de16967bb58938af173890bde633ba"/>
         <property name="seleniumVersion" value="3.7.1"/>
         <property name="proxyInformation" value="ProxyInformation{proxyOption=NO_PROXY, proxyServerType=HTTP, password=, proxyServerAddress=, proxyServerPort=0}"/>
         <property name="platform" value="Windows 10"/>
      </properties>
      <testcase name="Test Cases/Enrollcourse_enrollsuccess" classname="Test Cases/Enrollcourse_enrollsuccess" status="FAILED">
         <failure type="FAILED" message="Unable to click on object 'Object Repository/Enroll/Page_Enroll course/a_Enroll' (Root cause: org.openqa.selenium.ElementNotVisibleException: element not visible
  (Session info: chrome=65.0.3325.181)
  (Driver info: chromedriver=2.35.528161 (5b82f2d2aae0ca24b877009200ced9065a772e73),platform=Windows NT 10.0.16299 x86_64) (WARNING: The server did not provide any stacktrace information)
Command duration or timeout: 0 milliseconds
Build info: version: '3.7.1', revision: '8a0099a', time: '2017-11-06T21:07:36.161Z'
System info: host: 'DESKTOP-ETJ3RSS', ip: '192.168.0.100', os.name: 'Windows 10', os.arch: 'amd64', os.version: '10.0', java.version: '1.8.0_102'
Driver info: com.kms.katalon.selenium.driver.CChromeDriver
Capabilities {acceptInsecureCerts: false, acceptSslCerts: false, applicationCacheEnabled: false, browserConnectionEnabled: false, browserName: chrome, chrome: {chromedriverVersion: 2.35.528161 (5b82f2d2aae0ca..., userDataDir: C:\Users\THAWIC~1\AppData\L...}, cssSelectorsEnabled: true, databaseEnabled: false, handlesAlerts: true, hasTouchScreen: false, javascriptEnabled: true, locationContextEnabled: true, mobileEmulationEnabled: false, nativeEvents: true, networkConnectionEnabled: false, pageLoadStrategy: normal, platform: XP, platformName: XP, rotatable: false, setWindowRect: true, takesHeapSnapshot: true, takesScreenshot: true, unexpectedAlertBehaviour: , unhandledPromptBehavior: , version: 65.0.3325.181, webStorageEnabled: true}
Session ID: 5704bda985cb94b9cfeb39e5d726de0f)"/>
         <system-out><![CDATA[2018-03-26 02:04:44 - [TEST_CASE][FAILED] - Test Cases/Enrollcourse_enrollsuccess: Test Cases/Enrollcourse_enrollsuccess FAILED because (of) Unable to click on object 'Object Repository/Enroll/Page_Enroll course/a_Enroll' (Root cause: org.openqa.selenium.ElementNotVisibleException: element not visible
  (Session info: chrome=65.0.3325.181)
  (Driver info: chromedriver=2.35.528161 (5b82f2d2aae0ca24b877009200ced9065a772e73),platform=Windows NT 10.0.16299 x86_64) (WARNING: The server did not provide any stacktrace information)
Command duration or timeout: 0 milliseconds
Build info: version: '3.7.1', revision: '8a0099a', time: '2017-11-06T21:07:36.161Z'
System info: host: 'DESKTOP-ETJ3RSS', ip: '192.168.0.100', os.name: 'Windows 10', os.arch: 'amd64', os.version: '10.0', java.version: '1.8.0_102'
Driver info: com.kms.katalon.selenium.driver.CChromeDriver
Capabilities {acceptInsecureCerts: false, acceptSslCerts: false, applicationCacheEnabled: false, browserConnectionEnabled: false, browserName: chrome, chrome: {chromedriverVersion: 2.35.528161 (5b82f2d2aae0ca..., userDataDir: C:\Users\THAWIC~1\AppData\L...}, cssSelectorsEnabled: true, databaseEnabled: false, handlesAlerts: true, hasTouchScreen: false, javascriptEnabled: true, locationContextEnabled: true, mobileEmulationEnabled: false, nativeEvents: true, networkConnectionEnabled: false, pageLoadStrategy: normal, platform: XP, platformName: XP, rotatable: false, setWindowRect: true, takesHeapSnapshot: true, takesScreenshot: true, unexpectedAlertBehaviour: , unhandledPromptBehavior: , version: 65.0.3325.181, webStorageEnabled: true}
Session ID: 5704bda985cb94b9cfeb39e5d726de0f)

2018-03-26 02:04:45 - [TEST_STEP][PASSED] - openBrowser: Browser is opened with url: ''

2018-03-26 02:04:48 - [MESSAGE][PASSED] - Browser is opened with url: ''

2018-03-26 02:04:48 - [TEST_STEP][PASSED] - navigateToUrl: Navigate to 'https://butterfried.github.io/SE323-proj01-registration/courses_s.html' successfully

2018-03-26 02:04:49 - [MESSAGE][PASSED] - Navigate to 'https://butterfried.github.io/SE323-proj01-registration/courses_s.html' successfully

2018-03-26 02:04:49 - [TEST_STEP][PASSED] - click: Object: 'Object Repository/Enroll/Page_Enroll course/a_012200 - MIND VOLUNTEER (3 S' is clicked on

2018-03-26 02:04:49 - [MESSAGE][PASSED] - Object: 'Object Repository/Enroll/Page_Enroll course/a_012200 - MIND VOLUNTEER (3 S' is clicked on

2018-03-26 02:04:49 - [TEST_STEP][FAILED] - click: Unable to click on object 'Object Repository/Enroll/Page_Enroll course/a_Enroll' (Root cause: org.openqa.selenium.ElementNotVisibleException: element not visible
  (Session info: chrome=65.0.3325.181)
  (Driver info: chromedriver=2.35.528161 (5b82f2d2aae0ca24b877009200ced9065a772e73),platform=Windows NT 10.0.16299 x86_64) (WARNING: The server did not provide any stacktrace information)
Command duration or timeout: 0 milliseconds
Build info: version: '3.7.1', revision: '8a0099a', time: '2017-11-06T21:07:36.161Z'
System info: host: 'DESKTOP-ETJ3RSS', ip: '192.168.0.100', os.name: 'Windows 10', os.arch: 'amd64', os.version: '10.0', java.version: '1.8.0_102'
Driver info: com.kms.katalon.selenium.driver.CChromeDriver
Capabilities {acceptInsecureCerts: false, acceptSslCerts: false, applicationCacheEnabled: false, browserConnectionEnabled: false, browserName: chrome, chrome: {chromedriverVersion: 2.35.528161 (5b82f2d2aae0ca..., userDataDir: C:\Users\THAWIC~1\AppData\L...}, cssSelectorsEnabled: true, databaseEnabled: false, handlesAlerts: true, hasTouchScreen: false, javascriptEnabled: true, locationContextEnabled: true, mobileEmulationEnabled: false, nativeEvents: true, networkConnectionEnabled: false, pageLoadStrategy: normal, platform: XP, platformName: XP, rotatable: false, setWindowRect: true, takesHeapSnapshot: true, takesScreenshot: true, unexpectedAlertBehaviour: , unhandledPromptBehavior: , version: 65.0.3325.181, webStorageEnabled: true}
Session ID: 5704bda985cb94b9cfeb39e5d726de0f)

2018-03-26 02:04:49 - [MESSAGE][FAILED] - Unable to click on object 'Object Repository/Enroll/Page_Enroll course/a_Enroll' (Root cause: org.openqa.selenium.ElementNotVisibleException: element not visible
  (Session info: chrome=65.0.3325.181)
  (Driver info: chromedriver=2.35.528161 (5b82f2d2aae0ca24b877009200ced9065a772e73),platform=Windows NT 10.0.16299 x86_64) (WARNING: The server did not provide any stacktrace information)
Command duration or timeout: 0 milliseconds
Build info: version: '3.7.1', revision: '8a0099a', time: '2017-11-06T21:07:36.161Z'
System info: host: 'DESKTOP-ETJ3RSS', ip: '192.168.0.100', os.name: 'Windows 10', os.arch: 'amd64', os.version: '10.0', java.version: '1.8.0_102'
Driver info: com.kms.katalon.selenium.driver.CChromeDriver
Capabilities {acceptInsecureCerts: false, acceptSslCerts: false, applicationCacheEnabled: false, browserConnectionEnabled: false, browserName: chrome, chrome: {chromedriverVersion: 2.35.528161 (5b82f2d2aae0ca..., userDataDir: C:\Users\THAWIC~1\AppData\L...}, cssSelectorsEnabled: true, databaseEnabled: false, handlesAlerts: true, hasTouchScreen: false, javascriptEnabled: true, locationContextEnabled: true, mobileEmulationEnabled: false, nativeEvents: true, networkConnectionEnabled: false, pageLoadStrategy: normal, platform: XP, platformName: XP, rotatable: false, setWindowRect: true, takesHeapSnapshot: true, takesScreenshot: true, unexpectedAlertBehaviour: , unhandledPromptBehavior: , version: 65.0.3325.181, webStorageEnabled: true}
Session ID: 5704bda985cb94b9cfeb39e5d726de0f)
[[ATTACHMENT|C:\\Users\\thawichok_nikhomkhet\\git\\katalonRegTest\\Reports\\STC-05 Enroll in a course\\20180326_020443\\1522004689331.png]]]]></system-out>
         <system-err><![CDATA[2018-03-26 02:04:44 - [TEST_CASE][FAILED] - Test Cases/Enrollcourse_enrollsuccess: Test Cases/Enrollcourse_enrollsuccess FAILED because (of) Unable to click on object 'Object Repository/Enroll/Page_Enroll course/a_Enroll' (Root cause: org.openqa.selenium.ElementNotVisibleException: element not visible
  (Session info: chrome=65.0.3325.181)
  (Driver info: chromedriver=2.35.528161 (5b82f2d2aae0ca24b877009200ced9065a772e73),platform=Windows NT 10.0.16299 x86_64) (WARNING: The server did not provide any stacktrace information)
Command duration or timeout: 0 milliseconds
Build info: version: '3.7.1', revision: '8a0099a', time: '2017-11-06T21:07:36.161Z'
System info: host: 'DESKTOP-ETJ3RSS', ip: '192.168.0.100', os.name: 'Windows 10', os.arch: 'amd64', os.version: '10.0', java.version: '1.8.0_102'
Driver info: com.kms.katalon.selenium.driver.CChromeDriver
Capabilities {acceptInsecureCerts: false, acceptSslCerts: false, applicationCacheEnabled: false, browserConnectionEnabled: false, browserName: chrome, chrome: {chromedriverVersion: 2.35.528161 (5b82f2d2aae0ca..., userDataDir: C:\Users\THAWIC~1\AppData\L...}, cssSelectorsEnabled: true, databaseEnabled: false, handlesAlerts: true, hasTouchScreen: false, javascriptEnabled: true, locationContextEnabled: true, mobileEmulationEnabled: false, nativeEvents: true, networkConnectionEnabled: false, pageLoadStrategy: normal, platform: XP, platformName: XP, rotatable: false, setWindowRect: true, takesHeapSnapshot: true, takesScreenshot: true, unexpectedAlertBehaviour: , unhandledPromptBehavior: , version: 65.0.3325.181, webStorageEnabled: true}
Session ID: 5704bda985cb94b9cfeb39e5d726de0f)]]></system-err>
      </testcase>
      <testcase name="Test Cases/Enrollcourse_courseisalreadyfull" classname="Test Cases/Enrollcourse_courseisalreadyfull" status="PASSED">
         <system-out><![CDATA[2018-03-26 02:04:49 - [TEST_CASE][PASSED] - Test Cases/Enrollcourse_courseisalreadyfull: Test Cases/Enrollcourse_courseisalreadyfull

2018-03-26 02:04:49 - [TEST_STEP][PASSED] - openBrowser: Browser is opened with url: ''

2018-03-26 02:04:49 - [MESSAGE][WARNING] - A browser is already opened. Closing browser and opening a new one

2018-03-26 02:04:52 - [MESSAGE][PASSED] - Browser is opened with url: ''

2018-03-26 02:04:52 - [TEST_STEP][PASSED] - navigateToUrl: Navigate to 'https://butterfried.github.io/SE323-proj01-registration/courses_s.html' successfully

2018-03-26 02:04:53 - [MESSAGE][PASSED] - Navigate to 'https://butterfried.github.io/SE323-proj01-registration/courses_s.html' successfully

2018-03-26 02:04:53 - [TEST_STEP][PASSED] - click: Object: 'Object Repository/Enroll/Page_Enroll course/a_012200 - MIND VOLUNTEER (3 S' is clicked on

2018-03-26 02:04:53 - [MESSAGE][PASSED] - Object: 'Object Repository/Enroll/Page_Enroll course/a_012200 - MIND VOLUNTEER (3 S' is clicked on

2018-03-26 02:04:53 - [TEST_STEP][PASSED] - click: Object: 'Object Repository/Enroll/Page_Enroll course/a_Enroll (1)' is clicked on

2018-03-26 02:04:54 - [MESSAGE][PASSED] - Object: 'Object Repository/Enroll/Page_Enroll course/a_Enroll (1)' is clicked on

2018-03-26 02:04:54 - [TEST_STEP][PASSED] - click: Object: 'Object Repository/Enroll/Page_Enroll course/button_Confirm (1)' is clicked on

2018-03-26 02:04:54 - [MESSAGE][PASSED] - Object: 'Object Repository/Enroll/Page_Enroll course/button_Confirm (1)' is clicked on

2018-03-26 02:04:54 - [TEST_STEP][PASSED] - click: Object: 'Object Repository/Enroll/Page_Enroll course/div_This Course is already ful' is clicked on

2018-03-26 02:04:54 - [MESSAGE][PASSED] - Object: 'Object Repository/Enroll/Page_Enroll course/div_This Course is already ful' is clicked on

2018-03-26 02:04:54 - [TEST_STEP][PASSED] - verifyElementPresent: Object 'Object Repository/Enroll/Page_Enroll course/div_This Course is already ful' is present

2018-03-26 02:04:54 - [MESSAGE][WARNING] - Timeout '0' is invalid. Using default page load timeout: '30'

2018-03-26 02:04:54 - [MESSAGE][PASSED] - Object 'Object Repository/Enroll/Page_Enroll course/div_This Course is already ful' is present

2018-03-26 02:04:54 - [TEST_STEP][PASSED] - closeBrowser: Browser is closed

2018-03-26 02:04:55 - [MESSAGE][PASSED] - Browser is closed]]></system-out>
         <system-err><![CDATA[]]></system-err>
      </testcase>
      <testcase name="Test Cases/Enrollcourse_cancelconfirmation" classname="Test Cases/Enrollcourse_cancelconfirmation" status="PASSED">
         <system-out><![CDATA[2018-03-26 02:04:55 - [TEST_CASE][PASSED] - Test Cases/Enrollcourse_cancelconfirmation: Test Cases/Enrollcourse_cancelconfirmation

2018-03-26 02:04:55 - [TEST_STEP][PASSED] - openBrowser: Browser is opened with url: ''

2018-03-26 02:04:57 - [MESSAGE][PASSED] - Browser is opened with url: ''

2018-03-26 02:04:57 - [TEST_STEP][PASSED] - navigateToUrl: Navigate to 'https://butterfried.github.io/SE323-proj01-registration/courses_s.html' successfully

2018-03-26 02:04:58 - [MESSAGE][PASSED] - Navigate to 'https://butterfried.github.io/SE323-proj01-registration/courses_s.html' successfully

2018-03-26 02:04:58 - [TEST_STEP][PASSED] - click: Object: 'Object Repository/Enroll/Page_Enroll course/a_012200 - MIND VOLUNTEER (3 S (1)' is clicked on

2018-03-26 02:04:58 - [MESSAGE][PASSED] - Object: 'Object Repository/Enroll/Page_Enroll course/a_012200 - MIND VOLUNTEER (3 S (1)' is clicked on

2018-03-26 02:04:58 - [TEST_STEP][PASSED] - click: Object: 'Object Repository/Enroll/Page_Enroll course/a_Enroll (2)' is clicked on

2018-03-26 02:04:58 - [MESSAGE][PASSED] - Object: 'Object Repository/Enroll/Page_Enroll course/a_Enroll (2)' is clicked on

2018-03-26 02:04:58 - [TEST_STEP][PASSED] - click: Object: 'Object Repository/Enroll/Page_Enroll course/button_Cancel' is clicked on

2018-03-26 02:04:58 - [MESSAGE][PASSED] - Object: 'Object Repository/Enroll/Page_Enroll course/button_Cancel' is clicked on

2018-03-26 02:04:58 - [TEST_STEP][PASSED] - navigateToUrl: Navigate to 'https://butterfried.github.io/SE323-proj01-registration/courses_s.html' successfully

2018-03-26 02:04:58 - [MESSAGE][PASSED] - Navigate to 'https://butterfried.github.io/SE323-proj01-registration/courses_s.html' successfully

2018-03-26 02:04:58 - [TEST_STEP][PASSED] - click: Object: 'Object Repository/Enroll/Page_Enroll course/div_012200 - MIND VOLUNTEER (3' is clicked on

2018-03-26 02:04:59 - [MESSAGE][PASSED] - Object: 'Object Repository/Enroll/Page_Enroll course/div_012200 - MIND VOLUNTEER (3' is clicked on

2018-03-26 02:04:59 - [TEST_STEP][PASSED] - verifyElementPresent: Object 'Object Repository/Enroll/Page_Enroll course/div_012200 - MIND VOLUNTEER (3' is present

2018-03-26 02:04:59 - [MESSAGE][WARNING] - Timeout '0' is invalid. Using default page load timeout: '30'

2018-03-26 02:04:59 - [MESSAGE][PASSED] - Object 'Object Repository/Enroll/Page_Enroll course/div_012200 - MIND VOLUNTEER (3' is present

2018-03-26 02:04:59 - [TEST_STEP][PASSED] - closeBrowser: Browser is closed

2018-03-26 02:04:59 - [MESSAGE][PASSED] - Browser is closed]]></system-out>
         <system-err><![CDATA[]]></system-err>
      </testcase>
      <system-out><![CDATA[2018-03-26 02:04:44 - [TEST_SUITE][FAILED] - STC-05 Enroll in a course: Test Cases/Enrollcourse_enrollsuccess FAILED because (of) Unable to click on object 'Object Repository/Enroll/Page_Enroll course/a_Enroll' (Root cause: org.openqa.selenium.ElementNotVisibleException: element not visible
  (Session info: chrome=65.0.3325.181)
  (Driver info: chromedriver=2.35.528161 (5b82f2d2aae0ca24b877009200ced9065a772e73),platform=Windows NT 10.0.16299 x86_64) (WARNING: The server did not provide any stacktrace information)
Command duration or timeout: 0 milliseconds
Build info: version: '3.7.1', revision: '8a0099a', time: '2017-11-06T21:07:36.161Z'
System info: host: 'DESKTOP-ETJ3RSS', ip: '192.168.0.100', os.name: 'Windows 10', os.arch: 'amd64', os.version: '10.0', java.version: '1.8.0_102'
Driver info: com.kms.katalon.selenium.driver.CChromeDriver
Capabilities {acceptInsecureCerts: false, acceptSslCerts: false, applicationCacheEnabled: false, browserConnectionEnabled: false, browserName: chrome, chrome: {chromedriverVersion: 2.35.528161 (5b82f2d2aae0ca..., userDataDir: C:\Users\THAWIC~1\AppData\L...}, cssSelectorsEnabled: true, databaseEnabled: false, handlesAlerts: true, hasTouchScreen: false, javascriptEnabled: true, locationContextEnabled: true, mobileEmulationEnabled: false, nativeEvents: true, networkConnectionEnabled: false, pageLoadStrategy: normal, platform: XP, platformName: XP, rotatable: false, setWindowRect: true, takesHeapSnapshot: true, takesScreenshot: true, unexpectedAlertBehaviour: , unhandledPromptBehavior: , version: 65.0.3325.181, webStorageEnabled: true}
Session ID: 5704bda985cb94b9cfeb39e5d726de0f)]]></system-out>
      <system-err><![CDATA[2018-03-26 02:04:44 - [TEST_SUITE][FAILED] - STC-05 Enroll in a course: Test Cases/Enrollcourse_enrollsuccess FAILED because (of) Unable to click on object 'Object Repository/Enroll/Page_Enroll course/a_Enroll' (Root cause: org.openqa.selenium.ElementNotVisibleException: element not visible
  (Session info: chrome=65.0.3325.181)
  (Driver info: chromedriver=2.35.528161 (5b82f2d2aae0ca24b877009200ced9065a772e73),platform=Windows NT 10.0.16299 x86_64) (WARNING: The server did not provide any stacktrace information)
Command duration or timeout: 0 milliseconds
Build info: version: '3.7.1', revision: '8a0099a', time: '2017-11-06T21:07:36.161Z'
System info: host: 'DESKTOP-ETJ3RSS', ip: '192.168.0.100', os.name: 'Windows 10', os.arch: 'amd64', os.version: '10.0', java.version: '1.8.0_102'
Driver info: com.kms.katalon.selenium.driver.CChromeDriver
Capabilities {acceptInsecureCerts: false, acceptSslCerts: false, applicationCacheEnabled: false, browserConnectionEnabled: false, browserName: chrome, chrome: {chromedriverVersion: 2.35.528161 (5b82f2d2aae0ca..., userDataDir: C:\Users\THAWIC~1\AppData\L...}, cssSelectorsEnabled: true, databaseEnabled: false, handlesAlerts: true, hasTouchScreen: false, javascriptEnabled: true, locationContextEnabled: true, mobileEmulationEnabled: false, nativeEvents: true, networkConnectionEnabled: false, pageLoadStrategy: normal, platform: XP, platformName: XP, rotatable: false, setWindowRect: true, takesHeapSnapshot: true, takesScreenshot: true, unexpectedAlertBehaviour: , unhandledPromptBehavior: , version: 65.0.3325.181, webStorageEnabled: true}
Session ID: 5704bda985cb94b9cfeb39e5d726de0f)]]></system-err>
   </testsuite>
</testsuites>
